#
# A fatal error has been detected by the Java Runtime Environment:
#
#  EXCEPTION_ACCESS_VIOLATION (0xc0000005) at pc=0x00007ff950b08305, pid=5628, tid=10424
#
# JRE version: Java(TM) SE Runtime Environment (21.0.7+8) (build 21.0.7+8-LTS-245)
# Java VM: Java HotSpot(TM) 64-Bit Server VM (21.0.7+8-LTS-245, mixed mode, sharing, tiered, compressed oops, compressed class ptrs, g1 gc, windows-amd64)
# Problematic frame:
# V  [jvm.dll+0x318305]
#
# No core dump will be written. Minidumps are not enabled by default on client versions of Windows
#
# If you would like to submit a bug report, please visit:
#   https://bugreport.java.com/bugreport/crash.jsp
#

---------------  S U M M A R Y ------------

Command Line: -javaagent:E:\Program Files\IntelliJ IDEA Community Edition\lib\idea_rt.jar=55905 -Dfile.encoding=UTF-8 -Dsun.stdout.encoding=UTF-8 -Dsun.stderr.encoding=UTF-8 salonce.dev.website.Application

Host: Intel(R) Core(TM) i5-2400 CPU @ 3.10GHz, 4 cores, 7G,  Windows 10 , 64 bit Build 19041 (10.0.19041.5915)
Time: Sun Sep 14 03:49:41 2025 Central European Daylight Time elapsed time: 7.241835 seconds (0d 0h 0m 7s)

---------------  T H R E A D  ---------------

Current thread (0x0000022b63f32e40):  WorkerThread "G1 Conc#0"      [id=10424, stack(0x000000f697b00000,0x000000f697c00000) (1024K)]

Stack: [0x000000f697b00000,0x000000f697c00000],  sp=0x000000f697bff6d0,  free space=1021k
Native frames: (J=compiled Java code, j=interpreted, Vv=VM code, C=native code)
V  [jvm.dll+0x318305]
V  [jvm.dll+0x31819f]
V  [jvm.dll+0x315b0d]
V  [jvm.dll+0x315752]
V  [jvm.dll+0x334f60]
V  [jvm.dll+0x331821]
V  [jvm.dll+0x33335c]
V  [jvm.dll+0x3320ef]
V  [jvm.dll+0x335a16]
V  [jvm.dll+0x8834d7]
V  [jvm.dll+0x7ffa1b]
V  [jvm.dll+0x6c94fd]
C  [ucrtbase.dll+0x21bb2]
C  [KERNEL32.DLL+0x17374]
C  [ntdll.dll+0x4cc91]


siginfo: EXCEPTION_ACCESS_VIOLATION (0xc0000005), reading address 0x0000023363ef2460


Registers:
RAX=0x0000022b63ef5c80, RBX=0x0000022b63f345c0, RCX=0x0000000000000014, RDX=0x0000000000000000
RSP=0x000000f697bff6d0, RBP=0x0000000000000000, RSI=0x0000022b63f21270, RDI=0x0000000010000000
R8 =0x0000000010000000, R9 =0x00000000fffff8fc, R10=0x0000022b63ed8eb0, R11=0x0000000000000003
R12=0x0000000000000000, R13=0xaaaaaaaaaaaaaaab, R14=0x0000022b010cb060, R15=0x0000000081914730
RIP=0x00007ff950b08305, EFLAGS=0x0000000000010a06


Register to memory mapping:

RAX=0x0000022b63ef5c80 points into unknown readable memory: 0x0000022b63f46fb0 | b0 6f f4 63 2b 02 00 00
RBX=0x0000022b63f345c0 points into unknown readable memory: 0x00007ff9511c2d68 | 68 2d 1c 51 f9 7f 00 00
RCX=0x0000000000000014 is an unknown value
RDX=0x0 is null
RSP=0x000000f697bff6d0 points into unknown readable memory: 0x000000000002625a | 5a 62 02 00 00 00 00 00
RBP=0x0 is null
RSI=0x0000022b63f21270 points into unknown readable memory: 0x0000022b63f31c90 | 90 1c f3 63 2b 02 00 00
RDI=0x0000000010000000 is an unknown value
R8 =0x0000000010000000 is an unknown value
R9 =0x00000000fffff8fc is an unallocated location in the heap
R10=0x0000022b63ed8eb0 points into unknown readable memory: 0x00007ff9511c13c0 | c0 13 1c 51 f9 7f 00 00
R11=0x0000000000000003 is an unknown value
R12=0x0 is null
R13=0xaaaaaaaaaaaaaaab is an unknown value
R14={method} {0x0000022b010cb068} 'toString' '()Ljava/lang/String;' in 'java/util/regex/Pattern'
R15=0x0000000081914730 is an oop: java.util.regex.Pattern 
{0x0000000081914730} - klass: 'java/util/regex/Pattern'
 - ---- fields (total size 11 words):
 - private 'flags' 'I' @12  0 (0x00000000)
 - private transient 'flags0' 'I' @16  0 (0x00000000)
 - transient 'localTCNCount' 'I' @20  0 (0x00000000)
 - transient 'capturingGroupCount' 'I' @24  1 (0x00000001)
 - transient 'localCount' 'I' @28  0 (0x00000000)
 - private transient 'cursor' 'I' @32  6 (0x00000006)
 - private transient 'patternLength' 'I' @36  0 (0x00000000)
 - private volatile transient 'compiled' 'Z' @40  true (0x01)
 - transient 'hasGroupRef' 'Z' @41  false (0x00)
 - private transient 'hasSupplementary' 'Z' @42  false (0x00)
 - private 'pattern' 'Ljava/lang/String;' @44  ".*\..*"{0x0000000081914458} (0x81914458)
 - private transient 'normalizedPattern' 'Ljava/lang/String;' @48  ".*\..*"{0x0000000081914458} (0x81914458)
 - transient 'root' 'Ljava/util/regex/Pattern$Node;' @52  a 'java/util/regex/Pattern$Start'{0x0000000081914788} (0x81914788)
 - transient 'matchRoot' 'Ljava/util/regex/Pattern$Node;' @56  a 'java/util/regex/Pattern$CharPropertyGreedy'{0x00000000819147a0} (0x819147a0)
 - transient 'buffer' '[I' @60  null (0x00000000)
 - transient 'predicate' 'Ljava/util/regex/Pattern$CharPredicate;' @64  null (0x00000000)
 - volatile transient 'namedGroups' 'Ljava/util/Map;' @68  null (0x00000000)
 - transient 'groupNodes' '[Ljava/util/regex/Pattern$GroupHead;' @72  
[error occurred during error reporting (printing register info), id 0xc0000005, EXCEPTION_ACCESS_VIOLATION (0xc0000005) at pc=0x00007ff950ea67fd]

Top of Stack: (sp=0x000000f697bff6d0)
0x000000f697bff6d0:   000000000002625a 00007ff950b083ca
0x000000f697bff6e0:   0000722df3b136de 000000f697bff780
0x000000f697bff6f0:   0000000010000000 00007ff950b0819f
0x000000f697bff700:   0000022b63f345c0 000000f697bff8a0
0x000000f697bff710:   0000022b010cb058 000000f697bff8a0
0x000000f697bff720:   0000000081914784 00007ff950b05b0d
0x000000f697bff730:   0000000081914778 00007ff950b0625d
0x000000f697bff740:   0000000081914618 0000000000000001
0x000000f697bff750:   000000f697bff860 0000000000000001
0x000000f697bff760:   0000000081914730 00007ff950b05752
0x000000f697bff770:   0000022b010cae60 000000000000000b
0x000000f697bff780:   000000f697bff8a0 0000000000000000
0x000000f697bff790:   0000022b63f345c0 00007ff950b24f60
0x000000f697bff7a0:   0000000081914730 0000022b63f21280
0x000000f697bff7b0:   000000f697bff860 0000022b63f21280
0x000000f697bff7c0:   0000000081914730 00007ff950b21821
0x000000f697bff7d0:   00000000002a28e6 000000f697aff470
0x000000f697bff7e0:   0000000081871538 00007ff950b22e74
0x000000f697bff7f0:   00000000002c0000 00007ff950b2335c
0x000000f697bff800:   0000000081914710 00000000002a28e6
0x000000f697bff810:   0000000000098968 000000000002625a
0x000000f697bff820:   0000022b63f331f0 0000000000000001
0x000000f697bff830:   0000022b63f345c0 00007ff950b220ef
0x000000f697bff840:   0000022b63f34658 0000000000000000
0x000000f697bff850:   000000f697aff401 0000000000000000
0x000000f697bff860:   0000022b63f21270 0000022b63f345c0
0x000000f697bff870:   0000000081900000 0000000000020000
0x000000f697bff880:   0000000081900000 0000000000020000
0x000000f697bff890:   000000000002625a 000000000004c4b4
0x000000f697bff8a0:   00007ff9511c2d88 0000022b0017ba70
0x000000f697bff8b0:   0000000000000003 0000022b63ed8eb0
0x000000f697bff8c0:   0000022b63f345c0 00007ff950e8a833 

Instructions: (pc=0x00007ff950b08305)
0x00007ff950b08205:   05 75 35 48 8b 83 a8 00 00 00 48 39 83 a0 00 00
0x00007ff950b08215:   00 73 10 48 8b 83 c0 00 00 00 48 39 83 b8 00 00
0x00007ff950b08225:   00 72 7f 48 8b cb e8 10 bf 01 00 b0 01 48 8b 5c
0x00007ff950b08235:   24 30 48 83 c4 20 5f c3 48 8b 53 30 44 8b 82 80
0x00007ff950b08245:   00 00 00 8b 82 00 01 00 00 41 8b c8 2b c8 81 e1
0x00007ff950b08255:   ff ff 01 00 81 f9 fe ff 01 00 72 2c 48 8b cb e8
0x00007ff950b08265:   e7 b2 01 00 48 8b 53 30 44 8b 82 80 00 00 00 8b
0x00007ff950b08275:   82 00 01 00 00 41 8b c8 2b c8 81 e1 ff ff 01 00
0x00007ff950b08285:   81 f9 fe ff 01 00 73 1a 48 8b 82 80 01 00 00 4a
0x00007ff950b08295:   89 3c c0 41 8d 40 01 25 ff ff 01 00 89 82 80 00
0x00007ff950b082a5:   00 00 48 8b 5c 24 30 b0 01 48 83 c4 20 5f c3 cc
0x00007ff950b082b5:   cc cc cc cc cc cc cc cc cc cc cc 48 89 6c 24 10
0x00007ff950b082c5:   48 89 74 24 18 57 48 83 ec 20 4c 8b 51 08 48 8b
0x00007ff950b082d5:   f1 4d 8b c8 8b ea 49 8b f8 41 8b 8a 18 02 00 00
0x00007ff950b082e5:   49 8b 82 10 02 00 00 48 d3 e0 8b 0d 8b dc 90 00
0x00007ff950b082f5:   4c 2b c8 49 8b 82 f8 01 00 00 49 d3 e9 45 8b c9
0x00007ff950b08305:   4a 8b 04 c8 48 8b 40 60 4c 3b c0 72 12 32 c0 48
0x00007ff950b08315:   8b 6c 24 38 48 8b 74 24 40 48 83 c4 20 5f c3 48
0x00007ff950b08325:   8b 46 10 48 8d 4e 10 48 8b d7 48 89 5c 24 30 ff
0x00007ff950b08335:   10 8b 4e 28 48 8b d7 48 2b 56 18 48 8b 46 30 48
0x00007ff950b08345:   c1 ea 03 48 d3 ea 48 8b ca 48 c1 e9 06 4c 8d 04
0x00007ff950b08355:   c8 0f b6 ca 49 8b 00 80 e1 3f ba 01 00 00 00 48
0x00007ff950b08365:   d3 e2 48 8b c8 48 0b ca 48 3b c8 74 12 f0 49 0f
0x00007ff950b08375:   b1 08 74 25 48 8b c8 48 0b ca 48 3b c8 75 ee 32
0x00007ff950b08385:   db 48 8b 6c 24 38 0f b6 c3 48 8b 5c 24 30 48 8b
0x00007ff950b08395:   74 24 40 48 83 c4 20 5f c3 80 3d 15 62 8a 00 00
0x00007ff950b083a5:   b3 01 74 15 8b 57 08 8b 0d d6 4b 8a 00 48 d3 e2
0x00007ff950b083b5:   48 03 15 c4 4b 8a 00 eb 04 48 8b 57 08 48 8b cf
0x00007ff950b083c5:   e8 86 53 e2 ff 48 8b 8e b8 02 00 00 4c 8b d8 4c
0x00007ff950b083d5:   8b 0c e9 49 8b 51 18 8b 8a 18 02 00 00 4c 8b 82
0x00007ff950b083e5:   10 02 00 00 41 8b 51 60 49 d3 e0 8b 0d 8a db 90
0x00007ff950b083f5:   00 49 2b f8 48 d3 ef 44 8b d7 49 23 d2 48 c1 e2 


Stack slot to memory mapping:

stack at sp + 0 slots: 0x000000000002625a is an unknown value
stack at sp + 1 slots: 0x00007ff950b083ca jvm.dll
stack at sp + 2 slots: 0x0000722df3b136de is an unknown value
stack at sp + 3 slots: 0x000000f697bff780 points into unknown readable memory: 0x000000f697bff8a0 | a0 f8 bf 97 f6 00 00 00
stack at sp + 4 slots: 0x0000000010000000 is an unknown value
stack at sp + 5 slots: 0x00007ff950b0819f jvm.dll
stack at sp + 6 slots: 0x0000022b63f345c0 points into unknown readable memory: 0x00007ff9511c2d68 | 68 2d 1c 51 f9 7f 00 00
stack at sp + 7 slots: 0x000000f697bff8a0 points into unknown readable memory: 0x00007ff9511c2d88 | 88 2d 1c 51 f9 7f 00 00


---------------  P R O C E S S  ---------------

Threads class SMR info:
_java_thread_list=0x0000022b0043eb80, length=18, elements={
0x0000022b61d5ba60, 0x0000022b0019c290, 0x0000022b0019e360, 0x0000022b001a02d0,
0x0000022b001a2d30, 0x0000022b001a3780, 0x0000022b001a4450, 0x0000022b001a5380,
0x0000022b001ddff0, 0x0000022b003bd380, 0x0000022b00956430, 0x0000022b0061be60,
0x0000022b477ab0b0, 0x0000022b477aa390, 0x0000022b477ab740, 0x0000022b477aaa20,
0x0000022b477abdd0, 0x0000022b460c2ff0
}

Java Threads: ( => current thread )
  0x0000022b61d5ba60 JavaThread "main"                              [_thread_blocked, id=2392, stack(0x000000f697800000,0x000000f697900000) (1024K)]
  0x0000022b0019c290 JavaThread "Reference Handler"          daemon [_thread_blocked, id=7552, stack(0x000000f698000000,0x000000f698100000) (1024K)]
  0x0000022b0019e360 JavaThread "Finalizer"                  daemon [_thread_blocked, id=13032, stack(0x000000f698100000,0x000000f698200000) (1024K)]
  0x0000022b001a02d0 JavaThread "Signal Dispatcher"          daemon [_thread_blocked, id=9076, stack(0x000000f698200000,0x000000f698300000) (1024K)]
  0x0000022b001a2d30 JavaThread "Attach Listener"            daemon [_thread_blocked, id=7912, stack(0x000000f698300000,0x000000f698400000) (1024K)]
  0x0000022b001a3780 JavaThread "Service Thread"             daemon [_thread_blocked, id=6308, stack(0x000000f698400000,0x000000f698500000) (1024K)]
  0x0000022b001a4450 JavaThread "Monitor Deflation Thread"   daemon [_thread_blocked, id=9460, stack(0x000000f698500000,0x000000f698600000) (1024K)]
  0x0000022b001a5380 JavaThread "C2 CompilerThread0"         daemon [_thread_in_native, id=10888, stack(0x000000f698600000,0x000000f698700000) (1024K)]
  0x0000022b001ddff0 JavaThread "C1 CompilerThread0"         daemon [_thread_blocked, id=8900, stack(0x000000f698700000,0x000000f698800000) (1024K)]
  0x0000022b003bd380 JavaThread "Common-Cleaner"             daemon [_thread_blocked, id=13164, stack(0x000000f698800000,0x000000f698900000) (1024K)]
  0x0000022b00956430 JavaThread "Monitor Ctrl-Break"         daemon [_thread_in_native, id=6208, stack(0x000000f698a00000,0x000000f698b00000) (1024K)]
  0x0000022b0061be60 JavaThread "Notification Thread"        daemon [_thread_blocked, id=5464, stack(0x000000f698b00000,0x000000f698c00000) (1024K)]
  0x0000022b477ab0b0 JavaThread "Catalina-utility-1"                [_thread_blocked, id=5656, stack(0x000000f698f00000,0x000000f699000000) (1024K)]
  0x0000022b477aa390 JavaThread "Catalina-utility-2"                [_thread_blocked, id=12072, stack(0x000000f699000000,0x000000f699100000) (1024K)]
  0x0000022b477ab740 JavaThread "container-0"                       [_thread_blocked, id=6184, stack(0x000000f699100000,0x000000f699200000) (1024K)]
  0x0000022b477aaa20 JavaThread "HikariPool-1:housekeeper"   daemon [_thread_blocked, id=8980, stack(0x000000f699200000,0x000000f699300000) (1024K)]
  0x0000022b477abdd0 JavaThread "HikariPool-1:connection-adder" daemon [_thread_blocked, id=12384, stack(0x000000f699300000,0x000000f699400000) (1024K)]
  0x0000022b460c2ff0 JavaThread "C2 CompilerThread1"         daemon [_thread_in_native, id=10648, stack(0x000000f698900000,0x000000f698a00000) (1024K)]
Total: 18

Other Threads:
  0x0000022b0017d9b0 VMThread "VM Thread"                           [id=3080, stack(0x000000f697f00000,0x000000f698000000) (1024K)]
  0x0000022b0016d100 WatcherThread "VM Periodic Task Thread"        [id=12652, stack(0x000000f697e00000,0x000000f697f00000) (1024K)]
  0x0000022b63f20c70 WorkerThread "GC Thread#0"                     [id=7072, stack(0x000000f697900000,0x000000f697a00000) (1024K)]
  0x0000022b00adeea0 WorkerThread "GC Thread#1"                     [id=1788, stack(0x000000f698c00000,0x000000f698d00000) (1024K)]
  0x0000022b00adf240 WorkerThread "GC Thread#2"                     [id=9084, stack(0x000000f698d00000,0x000000f698e00000) (1024K)]
  0x0000022b00db1880 WorkerThread "GC Thread#3"                     [id=11260, stack(0x000000f698e00000,0x000000f698f00000) (1024K)]
  0x0000022b63f31c90 ConcurrentGCThread "G1 Main Marker"            [id=9136, stack(0x000000f697a00000,0x000000f697b00000) (1024K)]
=>0x0000022b63f32e40 WorkerThread "G1 Conc#0"                       [id=10424, stack(0x000000f697b00000,0x000000f697c00000) (1024K)]
  0x0000022b0002d130 ConcurrentGCThread "G1 Refine#0"               [id=8208, stack(0x000000f697c00000,0x000000f697d00000) (1024K)]
  0x0000022b00031b10 ConcurrentGCThread "G1 Service"                [id=7464, stack(0x000000f697d00000,0x000000f697e00000) (1024K)]
Total: 10

Threads with active compile tasks:
C2 CompilerThread0     7315 4818       4       org.springframework.core.annotation.AnnotationsScanner::isWithoutHierarchy (115 bytes)
C2 CompilerThread1     7315 4963   !   4       org.springframework.util.ReflectionUtils::doWithMethods (189 bytes)
Total: 2

VM state: not at safepoint (normal execution)

VM Mutex/Monitor currently owned by a thread:  ([mutex/lock_event])
[0x00007ff95142df50] Heap_lock - owner thread: 0x0000022b61d5ba60

Heap address: 0x0000000080400000, size: 2044 MB, Compressed Oops mode: 32-bit

CDS archive(s) mapped at: [0x0000022b01000000-0x0000022b01c90000-0x0000022b01c90000), size 13172736, SharedBaseAddress: 0x0000022b01000000, ArchiveRelocationMode: 1.
Compressed class space mapped at: 0x0000022b02000000-0x0000022b42000000, reserved size: 1073741824
Narrow klass base: 0x0000022b01000000, Narrow klass shift: 0, Narrow klass range: 0x100000000

GC Precious Log:
 CardTable entry size: 512
 Card Set container configuration: InlinePtr #cards 5 size 8 Array Of Cards #cards 12 size 40 Howl #buckets 4 coarsen threshold 1843 Howl Bitmap #cards 512 size 80 coarsen threshold 460 Card regions per heap region 1 cards per card region 2048
 CPUs: 4 total, 4 available
 Memory: 8174M
 Large Page Support: Disabled
 NUMA Support: Disabled
 Compressed Oops: Enabled (32-bit)
 Heap Region Size: 1M
 Heap Min Capacity: 8M
 Heap Initial Capacity: 128M
 Heap Max Capacity: 2044M
 Pre-touch: Disabled
 Parallel Workers: 4
 Concurrent Workers: 1
 Concurrent Refinement Workers: 4
 Periodic GC: Disabled

Heap:
 garbage-first heap   total 55296K, used 28376K [0x0000000080400000, 0x0000000100000000)
  region size 1024K, 6 young (6144K), 3 survivors (3072K)
 Metaspace       used 59857K, committed 60480K, reserved 1114112K
  class space    used 8045K, committed 8320K, reserved 1048576K

Heap Regions: E=young(eden), S=young(survivor), O=old, HS=humongous(starts), HC=humongous(continues), CS=collection set, F=free, TAMS=top-at-mark-start, PB=parsable bottom
|   0|0x0000000080400000, 0x0000000080500000, 0x0000000080500000|100%|HS|  |TAMS 0x0000000080500000| PB 0x0000000080400000| Complete 
|   1|0x0000000080500000, 0x0000000080600000, 0x0000000080600000|100%|HS|  |TAMS 0x0000000080600000| PB 0x0000000080500000| Complete 
|   2|0x0000000080600000, 0x0000000080700000, 0x0000000080700000|100%| O|  |TAMS 0x0000000080700000| PB 0x0000000080600000| Untracked 
|   3|0x0000000080700000, 0x0000000080800000, 0x0000000080800000|100%| O|  |TAMS 0x0000000080800000| PB 0x0000000080700000| Untracked 
|   4|0x0000000080800000, 0x0000000080900000, 0x0000000080900000|100%| O|  |TAMS 0x0000000080900000| PB 0x0000000080800000| Untracked 
|   5|0x0000000080900000, 0x0000000080a00000, 0x0000000080a00000|100%| O|  |TAMS 0x0000000080a00000| PB 0x0000000080900000| Untracked 
|   6|0x0000000080a00000, 0x0000000080b00000, 0x0000000080b00000|100%| O|  |TAMS 0x0000000080b00000| PB 0x0000000080a00000| Untracked 
|   7|0x0000000080b00000, 0x0000000080c00000, 0x0000000080c00000|100%| O|  |TAMS 0x0000000080c00000| PB 0x0000000080b00000| Untracked 
|   8|0x0000000080c00000, 0x0000000080d00000, 0x0000000080d00000|100%| O|  |TAMS 0x0000000080d00000| PB 0x0000000080c00000| Untracked 
|   9|0x0000000080d00000, 0x0000000080e00000, 0x0000000080e00000|100%| O|  |TAMS 0x0000000080e00000| PB 0x0000000080d00000| Untracked 
|  10|0x0000000080e00000, 0x0000000080f00000, 0x0000000080f00000|100%| O|  |TAMS 0x0000000080f00000| PB 0x0000000080e00000| Untracked 
|  11|0x0000000080f00000, 0x0000000081000000, 0x0000000081000000|100%| O|  |TAMS 0x0000000081000000| PB 0x0000000080f00000| Untracked 
|  12|0x0000000081000000, 0x0000000081100000, 0x0000000081100000|100%| O|  |TAMS 0x0000000081100000| PB 0x0000000081000000| Untracked 
|  13|0x0000000081100000, 0x0000000081200000, 0x0000000081200000|100%| O|  |TAMS 0x0000000081200000| PB 0x0000000081100000| Untracked 
|  14|0x0000000081200000, 0x0000000081300000, 0x0000000081300000|100%| O|  |TAMS 0x0000000081300000| PB 0x0000000081200000| Untracked 
|  15|0x0000000081300000, 0x0000000081400000, 0x0000000081400000|100%| O|  |TAMS 0x0000000081400000| PB 0x0000000081300000| Untracked 
|  16|0x0000000081400000, 0x0000000081500000, 0x0000000081500000|100%| O|  |TAMS 0x0000000081500000| PB 0x0000000081400000| Untracked 
|  17|0x0000000081500000, 0x0000000081600000, 0x0000000081600000|100%| O|  |TAMS 0x0000000081593620| PB 0x0000000081500000| Untracked 
|  18|0x0000000081600000, 0x0000000081700000, 0x0000000081700000|100%| O|  |TAMS 0x0000000081700000| PB 0x0000000081600000| Untracked 
|  19|0x0000000081700000, 0x0000000081800000, 0x0000000081800000|100%| O|  |TAMS 0x0000000081800000| PB 0x0000000081700000| Untracked 
|  20|0x0000000081800000, 0x0000000081900000, 0x0000000081900000|100%| O|  |TAMS 0x0000000081900000| PB 0x0000000081800000| Untracked 
|  21|0x0000000081900000, 0x0000000081a00000, 0x0000000081a00000|100%| O|  |TAMS 0x0000000081a00000| PB 0x0000000081900000| Untracked 
|  22|0x0000000081a00000, 0x0000000081acb100, 0x0000000081b00000| 79%| O|  |TAMS 0x0000000081a00000| PB 0x0000000081a00000| Untracked 
|  23|0x0000000081b00000, 0x0000000081b00000, 0x0000000081c00000|  0%| F|  |TAMS 0x0000000081b00000| PB 0x0000000081b00000| Untracked 
|  24|0x0000000081c00000, 0x0000000081c00000, 0x0000000081d00000|  0%| F|  |TAMS 0x0000000081c00000| PB 0x0000000081c00000| Untracked 
|  25|0x0000000081d00000, 0x0000000081d00000, 0x0000000081e00000|  0%| F|  |TAMS 0x0000000081d00000| PB 0x0000000081d00000| Untracked 
|  26|0x0000000081e00000, 0x0000000081e00000, 0x0000000081f00000|  0%| F|  |TAMS 0x0000000081e00000| PB 0x0000000081e00000| Untracked 
|  27|0x0000000081f00000, 0x0000000081f00000, 0x0000000082000000|  0%| F|  |TAMS 0x0000000081f00000| PB 0x0000000081f00000| Untracked 
|  28|0x0000000082000000, 0x0000000082000000, 0x0000000082100000|  0%| F|  |TAMS 0x0000000082000000| PB 0x0000000082000000| Untracked 
|  29|0x0000000082100000, 0x0000000082100000, 0x0000000082200000|  0%| F|  |TAMS 0x0000000082100000| PB 0x0000000082100000| Untracked 
|  30|0x0000000082200000, 0x0000000082200000, 0x0000000082300000|  0%| F|  |TAMS 0x0000000082200000| PB 0x0000000082200000| Untracked 
|  31|0x0000000082300000, 0x0000000082300000, 0x0000000082400000|  0%| F|  |TAMS 0x0000000082300000| PB 0x0000000082300000| Untracked 
|  32|0x0000000082400000, 0x00000000824eb290, 0x0000000082500000| 91%| S|CS|TAMS 0x0000000082400000| PB 0x0000000082400000| Complete 
|  33|0x0000000082500000, 0x0000000082600000, 0x0000000082600000|100%| S|CS|TAMS 0x0000000082500000| PB 0x0000000082500000| Complete 
|  34|0x0000000082600000, 0x0000000082700000, 0x0000000082700000|100%| S|CS|TAMS 0x0000000082600000| PB 0x0000000082600000| Complete 
|  35|0x0000000082700000, 0x0000000082700000, 0x0000000082800000|  0%| F|  |TAMS 0x0000000082700000| PB 0x0000000082700000| Untracked 
|  36|0x0000000082800000, 0x0000000082800000, 0x0000000082900000|  0%| F|  |TAMS 0x0000000082800000| PB 0x0000000082800000| Untracked 
|  37|0x0000000082900000, 0x0000000082900000, 0x0000000082a00000|  0%| F|  |TAMS 0x0000000082900000| PB 0x0000000082900000| Untracked 
|  38|0x0000000082a00000, 0x0000000082a00000, 0x0000000082b00000|  0%| F|  |TAMS 0x0000000082a00000| PB 0x0000000082a00000| Untracked 
|  39|0x0000000082b00000, 0x0000000082b00000, 0x0000000082c00000|  0%| F|  |TAMS 0x0000000082b00000| PB 0x0000000082b00000| Untracked 
|  40|0x0000000082c00000, 0x0000000082c00000, 0x0000000082d00000|  0%| F|  |TAMS 0x0000000082c00000| PB 0x0000000082c00000| Untracked 
|  41|0x0000000082d00000, 0x0000000082d00000, 0x0000000082e00000|  0%| F|  |TAMS 0x0000000082d00000| PB 0x0000000082d00000| Untracked 
|  42|0x0000000082e00000, 0x0000000082e00000, 0x0000000082f00000|  0%| F|  |TAMS 0x0000000082e00000| PB 0x0000000082e00000| Untracked 
|  43|0x0000000082f00000, 0x0000000082f00000, 0x0000000083000000|  0%| F|  |TAMS 0x0000000082f00000| PB 0x0000000082f00000| Untracked 
|  44|0x0000000083000000, 0x0000000083000000, 0x0000000083100000|  0%| F|  |TAMS 0x0000000083000000| PB 0x0000000083000000| Untracked 
|  45|0x0000000083100000, 0x0000000083100000, 0x0000000083200000|  0%| F|  |TAMS 0x0000000083100000| PB 0x0000000083100000| Untracked 
|  84|0x0000000085800000, 0x0000000085800000, 0x0000000085900000|  0%| F|  |TAMS 0x0000000085800000| PB 0x0000000085800000| Untracked 
|  85|0x0000000085900000, 0x0000000085900000, 0x0000000085a00000|  0%| F|  |TAMS 0x0000000085900000| PB 0x0000000085900000| Untracked 
|  86|0x0000000085a00000, 0x0000000085a00000, 0x0000000085b00000|  0%| F|  |TAMS 0x0000000085a00000| PB 0x0000000085a00000| Untracked 
|  87|0x0000000085b00000, 0x0000000085b00000, 0x0000000085c00000|  0%| F|  |TAMS 0x0000000085b00000| PB 0x0000000085b00000| Untracked 
|  93|0x0000000086100000, 0x0000000086100000, 0x0000000086200000|  0%| F|  |TAMS 0x0000000086100000| PB 0x0000000086100000| Untracked 
|  94|0x0000000086200000, 0x000000008626ced8, 0x0000000086300000| 42%| E|  |TAMS 0x0000000086200000| PB 0x0000000086200000| Complete 
|  95|0x0000000086300000, 0x0000000086400000, 0x0000000086400000|100%| E|CS|TAMS 0x0000000086300000| PB 0x0000000086300000| Complete 
| 127|0x0000000088300000, 0x0000000088400000, 0x0000000088400000|100%| E|CS|TAMS 0x0000000088300000| PB 0x0000000088300000| Complete 

Card table byte_map: [0x0000022b7b760000,0x0000022b7bb60000] _byte_map_base: 0x0000022b7b35e000

Marking Bits: (CMBitMap*) 0x0000022b63f21280
 Bits: [0x0000022b7bb60000, 0x0000022b7db50000)

Polling page: 0x0000022b61d00000

Metaspace:

Usage:
  Non-class:     50.60 MB used.
      Class:      7.86 MB used.
       Both:     58.45 MB used.

Virtual space:
  Non-class space:       64.00 MB reserved,      50.94 MB ( 80%) committed,  1 nodes.
      Class space:        1.00 GB reserved,       8.12 MB ( <1%) committed,  1 nodes.
             Both:        1.06 GB reserved,      59.06 MB (  5%) committed. 

Chunk freelists:
   Non-Class:  12.83 MB
       Class:  7.69 MB
        Both:  20.52 MB

MaxMetaspaceSize: unlimited
CompressedClassSpaceSize: 1.00 GB
Initial GC threshold: 21.00 MB
Current GC threshold: 59.06 MB
CDS: on
 - commit_granule_bytes: 65536.
 - commit_granule_words: 8192.
 - virtual_space_node_default_size: 8388608.
 - enlarge_chunks_in_place: 1.
 - use_allocation_guard: 0.


Internal statistics:

num_allocs_failed_limit: 11.
num_arena_births: 914.
num_arena_deaths: 0.
num_vsnodes_births: 2.
num_vsnodes_deaths: 0.
num_space_committed: 945.
num_space_uncommitted: 0.
num_chunks_returned_to_freelist: 11.
num_chunks_taken_from_freelist: 3118.
num_chunk_merges: 11.
num_chunk_splits: 2253.
num_chunks_enlarged: 1735.
num_inconsistent_stats: 0.

CodeHeap 'non-profiled nmethods': size=120000Kb used=3029Kb max_used=3029Kb free=116970Kb
 bounds [0x0000022b73e30000, 0x0000022b74130000, 0x0000022b7b360000]
CodeHeap 'profiled nmethods': size=120000Kb used=9488Kb max_used=9488Kb free=110511Kb
 bounds [0x0000022b6c360000, 0x0000022b6ccb0000, 0x0000022b73890000]
CodeHeap 'non-nmethods': size=5760Kb used=1655Kb max_used=1691Kb free=4105Kb
 bounds [0x0000022b73890000, 0x0000022b73b00000, 0x0000022b73e30000]
 total_blobs=5306 nmethods=4617 adapters=590
 compilation: enabled
              stopped_count=0, restarted_count=0
 full_count=0

Compilation events (20 events):
Event: 7.162 Thread 0x0000022b001ddff0 5005       2       org.springframework.util.PlaceholderParser$AbstractPart::<init> (10 bytes)
Event: 7.162 Thread 0x0000022b001ddff0 nmethod 5005 0x0000022b6cc99710 code [0x0000022b6cc998a0, 0x0000022b6cc999f0]
Event: 7.162 Thread 0x0000022b001ddff0 5002       2       org.springframework.boot.context.properties.source.ConfigurationPropertySourcesCaching::override (26 bytes)
Event: 7.162 Thread 0x0000022b001ddff0 nmethod 5002 0x0000022b6cc99a90 code [0x0000022b6cc99c60, 0x0000022b6cc9a038]
Event: 7.162 Thread 0x0000022b001ddff0 5003   !   2       org.springframework.boot.context.properties.bind.Binder::bindObject (117 bytes)
Event: 7.163 Thread 0x0000022b001ddff0 nmethod 5003 0x0000022b6cc9a210 code [0x0000022b6cc9a420, 0x0000022b6cc9a828]
Event: 7.163 Thread 0x0000022b001ddff0 5006       2       org.springframework.boot.context.properties.source.ConfigurationPropertySourcesCaching$CacheOverrides::close (15 bytes)
Event: 7.163 Thread 0x0000022b001ddff0 nmethod 5006 0x0000022b6cc9aa90 code [0x0000022b6cc9ac40, 0x0000022b6cc9ad80]
Event: 7.164 Thread 0x0000022b001ddff0 5007       2       java.lang.invoke.BoundMethodHandle$Species_LL::copyWithExtendL (25 bytes)
Event: 7.164 Thread 0x0000022b001ddff0 nmethod 5007 0x0000022b6cc9ae10 code [0x0000022b6cc9afe0, 0x0000022b6cc9b1c0]
Event: 7.166 Thread 0x0000022b001ddff0 5008       2       org.springframework.core.convert.support.GenericConversionService$Converters::addToClassHierarchy (30 bytes)
Event: 7.166 Thread 0x0000022b001ddff0 nmethod 5008 0x0000022b6cc9b310 code [0x0000022b6cc9b500, 0x0000022b6cc9b7d8]
Event: 7.178 Thread 0x0000022b001ddff0 5010       2       java.lang.invoke.BoundMethodHandle$Species_LL::speciesData (4 bytes)
Event: 7.178 Thread 0x0000022b001ddff0 nmethod 5010 0x0000022b6cc9ba10 code [0x0000022b6cc9bba0, 0x0000022b6cc9bcb0]
Event: 7.182 Thread 0x0000022b001ddff0 5011       2       org.springframework.beans.factory.support.DefaultListableBeanFactory$$Lambda/0x0000022b02182608::test (12 bytes)
Event: 7.198 Thread 0x0000022b001ddff0 nmethod 5011 0x0000022b6cc9bd10 code [0x0000022b6cc9bec0, 0x0000022b6cc9c058]
Event: 7.198 Thread 0x0000022b001ddff0 5012       2       org.springframework.beans.factory.support.DefaultListableBeanFactory::lambda$addSingleton$6 (21 bytes)
Event: 7.198 Thread 0x0000022b001ddff0 nmethod 5012 0x0000022b6cc9c110 code [0x0000022b6cc9c2a0, 0x0000022b6cc9c3d0]
Event: 7.222 Thread 0x0000022b001ddff0 5014   !   2       java.util.jar.Attributes::read (494 bytes)
Event: 7.224 Thread 0x0000022b001ddff0 nmethod 5014 0x0000022b6cc9c490 code [0x0000022b6cc9c9e0, 0x0000022b6cc9e5c8]

GC Heap History (20 events):
Event: 1.065 GC heap before
{Heap before GC invocations=1 (full 0):
 garbage-first heap   total 131072K, used 19583K [0x0000000080400000, 0x0000000100000000)
  region size 1024K, 15 young (15360K), 2 survivors (2048K)
 Metaspace       used 7166K, committed 7488K, reserved 1114112K
  class space    used 859K, committed 1024K, reserved 1048576K
}
Event: 1.070 GC heap after
{Heap after GC invocations=2 (full 0):
 garbage-first heap   total 131072K, used 8809K [0x0000000080400000, 0x0000000100000000)
  region size 1024K, 2 young (2048K), 2 survivors (2048K)
 Metaspace       used 7166K, committed 7488K, reserved 1114112K
  class space    used 859K, committed 1024K, reserved 1048576K
}
Event: 1.767 GC heap before
{Heap before GC invocations=2 (full 0):
 garbage-first heap   total 131072K, used 41577K [0x0000000080400000, 0x0000000100000000)
  region size 1024K, 35 young (35840K), 2 survivors (2048K)
 Metaspace       used 16533K, committed 16896K, reserved 1114112K
  class space    used 2025K, committed 2176K, reserved 1048576K
}
Event: 1.773 GC heap after
{Heap after GC invocations=3 (full 0):
 garbage-first heap   total 131072K, used 11622K [0x0000000080400000, 0x0000000100000000)
  region size 1024K, 5 young (5120K), 5 survivors (5120K)
 Metaspace       used 16533K, committed 16896K, reserved 1114112K
  class space    used 2025K, committed 2176K, reserved 1048576K
}
Event: 2.566 GC heap before
{Heap before GC invocations=3 (full 0):
 garbage-first heap   total 131072K, used 42342K [0x0000000080400000, 0x0000000100000000)
  region size 1024K, 37 young (37888K), 5 survivors (5120K)
 Metaspace       used 21107K, committed 21504K, reserved 1114112K
  class space    used 2560K, committed 2752K, reserved 1048576K
}
Event: 2.575 GC heap after
{Heap after GC invocations=4 (full 0):
 garbage-first heap   total 131072K, used 14631K [0x0000000080400000, 0x0000000100000000)
  region size 1024K, 7 young (7168K), 7 survivors (7168K)
 Metaspace       used 21107K, committed 21504K, reserved 1114112K
  class space    used 2560K, committed 2752K, reserved 1048576K
}
Event: 3.452 GC heap before
{Heap before GC invocations=5 (full 0):
 garbage-first heap   total 55296K, used 40231K [0x0000000080400000, 0x0000000100000000)
  region size 1024K, 32 young (32768K), 7 survivors (7168K)
 Metaspace       used 25558K, committed 26048K, reserved 1114112K
  class space    used 3195K, committed 3456K, reserved 1048576K
}
Event: 3.469 GC heap after
{Heap after GC invocations=6 (full 0):
 garbage-first heap   total 55296K, used 17678K [0x0000000080400000, 0x0000000100000000)
  region size 1024K, 3 young (3072K), 3 survivors (3072K)
 Metaspace       used 25558K, committed 26048K, reserved 1114112K
  class space    used 3195K, committed 3456K, reserved 1048576K
}
Event: 4.307 GC heap before
{Heap before GC invocations=6 (full 0):
 garbage-first heap   total 55296K, used 43278K [0x0000000080400000, 0x0000000100000000)
  region size 1024K, 28 young (28672K), 3 survivors (3072K)
 Metaspace       used 31169K, committed 31680K, reserved 1114112K
  class space    used 3915K, committed 4160K, reserved 1048576K
}
Event: 4.312 GC heap after
{Heap after GC invocations=7 (full 0):
 garbage-first heap   total 55296K, used 20125K [0x0000000080400000, 0x0000000100000000)
  region size 1024K, 3 young (3072K), 3 survivors (3072K)
 Metaspace       used 31169K, committed 31680K, reserved 1114112K
  class space    used 3915K, committed 4160K, reserved 1048576K
}
Event: 4.596 GC heap before
{Heap before GC invocations=7 (full 0):
 garbage-first heap   total 55296K, used 30365K [0x0000000080400000, 0x0000000100000000)
  region size 1024K, 15 young (15360K), 3 survivors (3072K)
 Metaspace       used 35475K, committed 35968K, reserved 1114112K
  class space    used 4380K, committed 4608K, reserved 1048576K
}
Event: 4.601 GC heap after
{Heap after GC invocations=8 (full 0):
 garbage-first heap   total 55296K, used 21784K [0x0000000080400000, 0x0000000100000000)
  region size 1024K, 2 young (2048K), 2 survivors (2048K)
 Metaspace       used 35475K, committed 35968K, reserved 1114112K
  class space    used 4380K, committed 4608K, reserved 1048576K
}
Event: 5.373 GC heap before
{Heap before GC invocations=9 (full 0):
 garbage-first heap   total 55296K, used 44312K [0x0000000080400000, 0x0000000100000000)
  region size 1024K, 25 young (25600K), 2 survivors (2048K)
 Metaspace       used 41716K, committed 42240K, reserved 1114112K
  class space    used 5357K, committed 5568K, reserved 1048576K
}
Event: 5.375 GC heap after
{Heap after GC invocations=10 (full 0):
 garbage-first heap   total 55296K, used 22607K [0x0000000080400000, 0x0000000100000000)
  region size 1024K, 3 young (3072K), 3 survivors (3072K)
 Metaspace       used 41716K, committed 42240K, reserved 1114112K
  class space    used 5357K, committed 5568K, reserved 1048576K
}
Event: 5.985 GC heap before
{Heap before GC invocations=10 (full 0):
 garbage-first heap   total 55296K, used 45135K [0x0000000080400000, 0x0000000100000000)
  region size 1024K, 26 young (26624K), 3 survivors (3072K)
 Metaspace       used 48200K, committed 48832K, reserved 1114112K
  class space    used 6235K, committed 6528K, reserved 1048576K
}
Event: 5.990 GC heap after
{Heap after GC invocations=11 (full 0):
 garbage-first heap   total 55296K, used 23262K [0x0000000080400000, 0x0000000100000000)
  region size 1024K, 3 young (3072K), 3 survivors (3072K)
 Metaspace       used 48200K, committed 48832K, reserved 1114112K
  class space    used 6235K, committed 6528K, reserved 1048576K
}
Event: 6.546 GC heap before
{Heap before GC invocations=11 (full 0):
 garbage-first heap   total 55296K, used 46814K [0x0000000080400000, 0x0000000100000000)
  region size 1024K, 26 young (26624K), 3 survivors (3072K)
 Metaspace       used 56064K, committed 56704K, reserved 1114112K
  class space    used 7492K, committed 7808K, reserved 1048576K
}
Event: 6.550 GC heap after
{Heap after GC invocations=12 (full 0):
 garbage-first heap   total 55296K, used 24549K [0x0000000080400000, 0x0000000100000000)
  region size 1024K, 3 young (3072K), 3 survivors (3072K)
 Metaspace       used 56064K, committed 56704K, reserved 1114112K
  class space    used 7492K, committed 7808K, reserved 1048576K
}
Event: 7.182 GC heap before
{Heap before GC invocations=12 (full 0):
 garbage-first heap   total 55296K, used 42981K [0x0000000080400000, 0x0000000100000000)
  region size 1024K, 22 young (22528K), 3 survivors (3072K)
 Metaspace       used 59487K, committed 60160K, reserved 1114112K
  class space    used 7983K, committed 8320K, reserved 1048576K
}
Event: 7.187 GC heap after
{Heap after GC invocations=13 (full 0):
 garbage-first heap   total 55296K, used 26328K [0x0000000080400000, 0x0000000100000000)
  region size 1024K, 3 young (3072K), 3 survivors (3072K)
 Metaspace       used 59487K, committed 60160K, reserved 1114112K
  class space    used 7983K, committed 8320K, reserved 1048576K
}

Dll operation events (13 events):
Event: 0.015 Loaded shared library E:\Program Files\Java\jdk-21\bin\java.dll
Event: 0.065 Loaded shared library E:\Program Files\Java\jdk-21\bin\jsvml.dll
Event: 0.224 Loaded shared library E:\Program Files\Java\jdk-21\bin\zip.dll
Event: 0.230 Loaded shared library E:\Program Files\Java\jdk-21\bin\instrument.dll
Event: 0.236 Loaded shared library E:\Program Files\Java\jdk-21\bin\net.dll
Event: 0.237 Loaded shared library E:\Program Files\Java\jdk-21\bin\nio.dll
Event: 0.241 Loaded shared library E:\Program Files\Java\jdk-21\bin\zip.dll
Event: 0.381 Loaded shared library E:\Program Files\Java\jdk-21\bin\extnet.dll
Event: 0.418 Loaded shared library E:\Program Files\Java\jdk-21\bin\jimage.dll
Event: 1.889 Loaded shared library E:\Program Files\Java\jdk-21\bin\sunmscapi.dll
Event: 3.898 Loaded shared library E:\Program Files\Java\jdk-21\bin\management.dll
Event: 3.901 Loaded shared library E:\Program Files\Java\jdk-21\bin\management_ext.dll
Event: 5.129 Loaded shared library E:\Program Files\Java\jdk-21\bin\verify.dll

Deoptimization events (20 events):
Event: 7.079 Thread 0x0000022b61d5ba60 Uncommon trap: trap_request=0xffffffbe fr.pc=0x0000022b741017f4 relative=0x0000000000003fd4
Event: 7.079 Thread 0x0000022b61d5ba60 Uncommon trap: reason=profile_predicate action=maybe_recompile pc=0x0000022b741017f4 method=org.springframework.util.ReflectionUtils.doWithMethods(Ljava/lang/Class;Lorg/springframework/util/ReflectionUtils$MethodCallback;Lorg/springframework/util/Reflecti
Event: 7.079 Thread 0x0000022b61d5ba60 DEOPT PACKING pc=0x0000022b741017f4 sp=0x000000f6978fde70
Event: 7.079 Thread 0x0000022b61d5ba60 DEOPT UNPACKING pc=0x0000022b738e46a2 sp=0x000000f6978fde80 mode 2
Event: 7.079 Thread 0x0000022b61d5ba60 Uncommon trap: trap_request=0xffffffbe fr.pc=0x0000022b741017f4 relative=0x0000000000003fd4
Event: 7.079 Thread 0x0000022b61d5ba60 Uncommon trap: reason=profile_predicate action=maybe_recompile pc=0x0000022b741017f4 method=org.springframework.util.ReflectionUtils.doWithMethods(Ljava/lang/Class;Lorg/springframework/util/ReflectionUtils$MethodCallback;Lorg/springframework/util/Reflecti
Event: 7.079 Thread 0x0000022b61d5ba60 DEOPT PACKING pc=0x0000022b741017f4 sp=0x000000f6978fddb0
Event: 7.079 Thread 0x0000022b61d5ba60 DEOPT UNPACKING pc=0x0000022b738e46a2 sp=0x000000f6978fddd8 mode 2
Event: 7.089 Thread 0x0000022b61d5ba60 Uncommon trap: trap_request=0xffffff45 fr.pc=0x0000022b7401f130 relative=0x0000000000000090
Event: 7.089 Thread 0x0000022b61d5ba60 Uncommon trap: reason=unstable_if action=reinterpret pc=0x0000022b7401f130 method=org.springframework.aop.framework.autoproxy.AbstractAutoProxyCreator.predictBeanType(Ljava/lang/Class;Ljava/lang/String;)Ljava/lang/Class; @ 9 c2
Event: 7.089 Thread 0x0000022b61d5ba60 DEOPT PACKING pc=0x0000022b7401f130 sp=0x000000f6978fdd50
Event: 7.089 Thread 0x0000022b61d5ba60 DEOPT UNPACKING pc=0x0000022b738e46a2 sp=0x000000f6978fdce0 mode 2
Event: 7.113 Thread 0x0000022b61d5ba60 Uncommon trap: trap_request=0xffffff45 fr.pc=0x0000022b74065f04 relative=0x0000000000000864
Event: 7.113 Thread 0x0000022b61d5ba60 Uncommon trap: reason=unstable_if action=reinterpret pc=0x0000022b74065f04 method=org.springframework.core.annotation.AnnotationsScanner.processClassHierarchy(Ljava/lang/Object;[ILjava/lang/Class;Lorg/springframework/core/annotation/AnnotationsProcessor;Z
Event: 7.113 Thread 0x0000022b61d5ba60 DEOPT PACKING pc=0x0000022b74065f04 sp=0x000000f6978fb9d0
Event: 7.113 Thread 0x0000022b61d5ba60 DEOPT UNPACKING pc=0x0000022b738e46a2 sp=0x000000f6978fb6c0 mode 2
Event: 7.160 Thread 0x0000022b61d5ba60 Uncommon trap: trap_request=0xffffff45 fr.pc=0x0000022b73ebfadc relative=0x000000000000027c
Event: 7.160 Thread 0x0000022b61d5ba60 Uncommon trap: reason=unstable_if action=reinterpret pc=0x0000022b73ebfadc method=org.springframework.boot.context.properties.source.ConfigurationPropertyName$Elements.charAt(II)C @ 13 c2
Event: 7.160 Thread 0x0000022b61d5ba60 DEOPT PACKING pc=0x0000022b73ebfadc sp=0x000000f6978f7100
Event: 7.160 Thread 0x0000022b61d5ba60 DEOPT UNPACKING pc=0x0000022b738e46a2 sp=0x000000f6978f7080 mode 2

Classes loaded (20 events):
Event: 7.077 Loading class jdk/internal/reflect/Label
Event: 7.077 Loading class jdk/internal/reflect/Label done
Event: 7.078 Loading class jdk/internal/reflect/Label$PatchInfo
Event: 7.078 Loading class jdk/internal/reflect/Label$PatchInfo done
Event: 7.078 Loading class jdk/internal/reflect/MethodAccessorGenerator$1
Event: 7.078 Loading class jdk/internal/reflect/MethodAccessorGenerator$1 done
Event: 7.078 Loading class jdk/internal/reflect/ClassDefiner
Event: 7.078 Loading class jdk/internal/reflect/ClassDefiner done
Event: 7.078 Loading class jdk/internal/reflect/ClassDefiner$1
Event: 7.078 Loading class jdk/internal/reflect/ClassDefiner$1 done
Event: 7.078 Loading class jdk/internal/reflect/SerializationConstructorAccessorImpl
Event: 7.078 Loading class jdk/internal/reflect/SerializationConstructorAccessorImpl done
Event: 7.169 Loading class java/util/function/IntUnaryOperator
Event: 7.169 Loading class java/util/function/IntUnaryOperator done
Event: 7.170 Loading class java/util/stream/IntPipeline$4
Event: 7.170 Loading class java/util/stream/IntPipeline$4 done
Event: 7.170 Loading class java/util/stream/ForEachOps$ForEachOp$OfInt
Event: 7.171 Loading class java/util/stream/ForEachOps$ForEachOp$OfInt done
Event: 7.171 Loading class java/util/stream/IntPipeline$4$1
Event: 7.171 Loading class java/util/stream/IntPipeline$4$1 done

Classes unloaded (0 events):
No events

Classes redefined (0 events):
No events

Internal exceptions (20 events):
Event: 6.447 Thread 0x0000022b61d5ba60 Exception <a 'java/lang/NoSuchMethodError'{0x0000000082769bb0}: 'java.lang.Object java.lang.invoke.DirectMethodHandle$Holder.newInvokeSpecial(java.lang.Object, java.lang.Object, int, java.lang.Object)'> (0x0000000082769bb0) 
thrown [s\open\src\hotspot\share\interpreter\linkResolver.cpp, line 773]
Event: 6.448 Thread 0x0000022b61d5ba60 Exception <a 'java/lang/NoSuchMethodError'{0x000000008276d520}: 'java.lang.Object java.lang.invoke.Invokers$Holder.linkToTargetMethod(java.lang.Object, int, java.lang.Object, java.lang.Object)'> (0x000000008276d520) 
thrown [s\open\src\hotspot\share\interpreter\linkResolver.cpp, line 773]
Event: 6.459 Thread 0x0000022b61d5ba60 Exception <a 'java/lang/NoSuchMethodError'{0x00000000827f2278}: 'void java.lang.invoke.DirectMethodHandle$Holder.invokeSpecial(java.lang.Object, java.lang.Object, java.lang.Object, java.lang.Object, java.lang.Object, java.lang.Object, java.lang.Object, java.lang.Object)'> (0x00000000827f2278) 
thrown [s\open\src\hotspot\share\interpreter\linkResolver.cpp, line 773]
Event: 6.464 Thread 0x0000022b61d5ba60 Exception <a 'java/lang/NoSuchMethodError'{0x000000008262b3c0}: 'void java.lang.invoke.DirectMethodHandle$Holder.invokeSpecial(java.lang.Object, java.lang.Object, int, java.lang.Object)'> (0x000000008262b3c0) 
thrown [s\open\src\hotspot\share\interpreter\linkResolver.cpp, line 773]
Event: 6.464 Thread 0x0000022b61d5ba60 Exception <a 'java/lang/IncompatibleClassChangeError'{0x0000000082631938}: Found class java.lang.Object, but interface was expected> (0x0000000082631938) 
thrown [s\open\src\hotspot\share\interpreter\linkResolver.cpp, line 840]
Event: 6.490 Thread 0x0000022b61d5ba60 Exception <a 'java/lang/NoSuchMethodError'{0x00000000825810a8}: 'int java.lang.invoke.DirectMethodHandle$Holder.invokeStatic(java.lang.Object, int, java.lang.Object)'> (0x00000000825810a8) 
thrown [s\open\src\hotspot\share\interpreter\linkResolver.cpp, line 773]
Event: 6.492 Thread 0x0000022b61d5ba60 Exception <a 'java/lang/NoSuchMethodError'{0x000000008259d930}: 'java.lang.Object java.lang.invoke.DirectMethodHandle$Holder.newInvokeSpecial(java.lang.Object, java.lang.Object, java.lang.Object, java.lang.Object, java.lang.Object, int, java.lang.Object)'> (0x000000008259d930) 
thrown [s\open\src\hotspot\share\interpreter\linkResolver.cpp, line 773]
Event: 6.496 Thread 0x0000022b61d5ba60 Exception <a 'java/lang/NoSuchMethodError'{0x00000000825cd378}: 'java.lang.Object java.lang.invoke.Invokers$Holder.linkToTargetMethod(java.lang.Object, java.lang.Object, java.lang.Object, java.lang.Object, java.lang.Object, java.lang.Object, java.lang.Object, java.lang.Object, java.lang.Object, java.lang.Object, java.lang.Object, java.lang.Object)'> (0x00000000825cd378) 
thrown [s\open\src\hotspot\share\interpreter\linkResolver.cpp, line 773]
Event: 6.528 Thread 0x0000022b61d5ba60 Exception <a 'java/lang/IncompatibleClassChangeError'{0x00000000823421b0}: Found class java.lang.Object, but interface was expected> (0x00000000823421b0) 
thrown [s\open\src\hotspot\share\interpreter\linkResolver.cpp, line 840]
Event: 6.538 Thread 0x0000022b61d5ba60 Exception <a 'java/lang/NoSuchMethodError'{0x00000000823b57c0}: 'java.lang.Object java.lang.invoke.DirectMethodHandle$Holder.newInvokeSpecial(java.lang.Object, java.lang.Object, java.lang.Object, java.lang.Object, java.lang.Object, java.lang.Object, java.lang.Object, int)'> (0x00000000823b57c0) 
thrown [s\open\src\hotspot\share\interpreter\linkResolver.cpp, line 773]
Event: 6.539 Thread 0x0000022b61d5ba60 Exception <a 'java/lang/NoSuchMethodError'{0x00000000823b9d30}: 'java.lang.Object java.lang.invoke.DirectMethodHandle$Holder.invokeSpecial(java.lang.Object, java.lang.Object, java.lang.Object, java.lang.Object, java.lang.Object, java.lang.Object, java.lang.Object, java.lang.Object, int)'> (0x00000000823b9d30) 
thrown [s\open\src\hotspot\share\interpreter\linkResolver.cpp, line 773]
Event: 6.539 Thread 0x0000022b61d5ba60 Exception <a 'java/lang/NoSuchMethodError'{0x00000000823bdd58}: 'java.lang.Object java.lang.invoke.Invokers$Holder.linkToTargetMethod(java.lang.Object, java.lang.Object, java.lang.Object, java.lang.Object, java.lang.Object, java.lang.Object, int, java.lang.Object)'> (0x00000000823bdd58) 
thrown [s\open\src\hotspot\share\interpreter\linkResolver.cpp, line 773]
Event: 6.717 Thread 0x0000022b61d5ba60 Exception <a 'java/lang/IncompatibleClassChangeError'{0x00000000858fa590}: Found class java.lang.Object, but interface was expected> (0x00000000858fa590) 
thrown [s\open\src\hotspot\share\interpreter\linkResolver.cpp, line 840]
Event: 6.757 Thread 0x0000022b61d5ba60 Exception <a 'java/lang/IncompatibleClassChangeError'{0x00000000830804f0}: Found class java.lang.Object, but interface was expected> (0x00000000830804f0) 
thrown [s\open\src\hotspot\share\interpreter\linkResolver.cpp, line 840]
Event: 7.005 Thread 0x0000022b61d5ba60 Exception <a 'java/lang/IncompatibleClassChangeError'{0x0000000082dfdc00}: Found class java.lang.Object, but interface was expected> (0x0000000082dfdc00) 
thrown [s\open\src\hotspot\share\interpreter\linkResolver.cpp, line 840]
Event: 7.050 Thread 0x0000022b61d5ba60 Exception <a 'java/lang/NoSuchMethodError'{0x0000000082bed038}: 'int java.lang.invoke.DirectMethodHandle$Holder.invokeStaticInit(java.lang.Object, int, java.lang.Object, java.lang.Object, java.lang.Object, java.lang.Object)'> (0x0000000082bed038) 
thrown [s\open\src\hotspot\share\interpreter\linkResolver.cpp, line 773]
Event: 7.080 Thread 0x0000022b61d5ba60 Exception <a 'java/lang/NoSuchMethodError'{0x0000000082aa2840}: 'void java.lang.invoke.Invokers$Holder.invokeExact_MT(java.lang.Object, java.lang.Object, java.lang.Object, java.lang.Object)'> (0x0000000082aa2840) 
thrown [s\open\src\hotspot\share\interpreter\linkResolver.cpp, line 773]
Event: 7.135 Thread 0x0000022b61d5ba60 Exception <a 'java/lang/NoSuchMethodError'{0x0000000082849150}: 'java.lang.Object java.lang.invoke.DirectMethodHandle$Holder.newInvokeSpecial(java.lang.Object, java.lang.Object, java.lang.Object, java.lang.Object, java.lang.Object, java.lang.Object, java.lang.Object, java.lang.Object)'> (0x0000000082849150) 
thrown [s\open\src\hotspot\share\interpreter\linkResolver.cpp, line 773]
Event: 7.160 Thread 0x0000022b61d5ba60 Implicit null exception at 0x0000022b73ebf8b5 to 0x0000022b73ebfac4
Event: 7.170 Thread 0x0000022b61d5ba60 Exception <a 'java/lang/NoSuchMethodError'{0x00000000827747c8}: 'void java.lang.invoke.DirectMethodHandle$Holder.invokeStatic(java.lang.Object, java.lang.Object, int)'> (0x00000000827747c8) 
thrown [s\open\src\hotspot\share\interpreter\linkResolver.cpp, line 773]

ZGC Phase Switch (0 events):
No events

VM Operations (20 events):
Event: 5.373 Executing VM operation: G1CollectForAllocation (G1 Evacuation Pause)
Event: 5.375 Executing VM operation: G1CollectForAllocation (G1 Evacuation Pause) done
Event: 5.985 Executing VM operation: G1CollectForAllocation (G1 Evacuation Pause)
Event: 5.990 Executing VM operation: G1CollectForAllocation (G1 Evacuation Pause) done
Event: 6.209 Executing VM operation: HandshakeAllThreads (Deoptimize)
Event: 6.209 Executing VM operation: HandshakeAllThreads (Deoptimize) done
Event: 6.213 Executing VM operation: HandshakeAllThreads (Deoptimize)
Event: 6.213 Executing VM operation: HandshakeAllThreads (Deoptimize) done
Event: 6.240 Executing VM operation: HandshakeAllThreads (Deoptimize)
Event: 6.240 Executing VM operation: HandshakeAllThreads (Deoptimize) done
Event: 6.546 Executing VM operation: G1CollectForAllocation (G1 Evacuation Pause)
Event: 6.550 Executing VM operation: G1CollectForAllocation (G1 Evacuation Pause) done
Event: 7.021 Executing VM operation: HandshakeAllThreads (Deoptimize)
Event: 7.021 Executing VM operation: HandshakeAllThreads (Deoptimize) done
Event: 7.022 Executing VM operation: HandshakeAllThreads (Deoptimize)
Event: 7.022 Executing VM operation: HandshakeAllThreads (Deoptimize) done
Event: 7.040 Executing VM operation: ICBufferFull
Event: 7.040 Executing VM operation: ICBufferFull done
Event: 7.182 Executing VM operation: CollectForMetadataAllocation (Metadata GC Threshold)
Event: 7.193 Executing VM operation: CollectForMetadataAllocation (Metadata GC Threshold) done

Events (20 events):
Event: 4.663 Thread 0x0000022b0017d9b0 flushing nmethod 0x0000022b6c698210
Event: 4.663 Thread 0x0000022b0017d9b0 flushing nmethod 0x0000022b6c699910
Event: 4.663 Thread 0x0000022b0017d9b0 flushing nmethod 0x0000022b6c699d90
Event: 4.663 Thread 0x0000022b0017d9b0 flushing nmethod 0x0000022b6c69a810
Event: 4.663 Thread 0x0000022b0017d9b0 flushing nmethod 0x0000022b6c727a90
Event: 4.663 Thread 0x0000022b0017d9b0 flushing nmethod 0x0000022b6c72aa10
Event: 4.663 Thread 0x0000022b0017d9b0 flushing nmethod 0x0000022b6c72b210
Event: 4.663 Thread 0x0000022b0017d9b0 flushing nmethod 0x0000022b6c72c210
Event: 4.663 Thread 0x0000022b0017d9b0 flushing nmethod 0x0000022b6c72d810
Event: 4.663 Thread 0x0000022b0017d9b0 flushing nmethod 0x0000022b6c72e190
Event: 4.663 Thread 0x0000022b0017d9b0 flushing nmethod 0x0000022b6c72ea90
Event: 4.663 Thread 0x0000022b0017d9b0 flushing nmethod 0x0000022b6c775b90
Event: 4.663 Thread 0x0000022b0017d9b0 flushing nmethod 0x0000022b6c779110
Event: 4.663 Thread 0x0000022b0017d9b0 flushing nmethod 0x0000022b6c7a6690
Event: 4.663 Thread 0x0000022b0017d9b0 flushing nmethod 0x0000022b6c7aa510
Event: 4.663 Thread 0x0000022b0017d9b0 flushing nmethod 0x0000022b6c8f2f10
Event: 4.663 Thread 0x0000022b0017d9b0 flushing nmethod 0x0000022b6c8f3f90
Event: 4.664 Thread 0x0000022b477abdd0 Thread added: 0x0000022b477abdd0
Event: 6.384 Thread 0x0000022b0051f4c0 Thread exited: 0x0000022b0051f4c0
Event: 6.657 Thread 0x0000022b460c2ff0 Thread added: 0x0000022b460c2ff0


Dynamic libraries:
0x00007ff64c8f0000 - 0x00007ff64c900000 	E:\Program Files\Java\jdk-21\bin\java.exe
0x00007ff98b330000 - 0x00007ff98b528000 	C:\Windows\SYSTEM32\ntdll.dll
0x00007ff989360000 - 0x00007ff989422000 	C:\Windows\System32\KERNEL32.DLL
0x00007ff988d80000 - 0x00007ff989076000 	C:\Windows\System32\KERNELBASE.dll
0x00007ff989100000 - 0x00007ff989200000 	C:\Windows\System32\ucrtbase.dll
0x00007ff986150000 - 0x00007ff986169000 	E:\Program Files\Java\jdk-21\bin\jli.dll
0x00007ff986130000 - 0x00007ff98614b000 	E:\Program Files\Java\jdk-21\bin\VCRUNTIME140.dll
0x00007ff98a950000 - 0x00007ff98aa01000 	C:\Windows\System32\ADVAPI32.dll
0x00007ff989640000 - 0x00007ff9896de000 	C:\Windows\System32\msvcrt.dll
0x00007ff98a1e0000 - 0x00007ff98a27f000 	C:\Windows\System32\sechost.dll
0x00007ff98a820000 - 0x00007ff98a940000 	C:\Windows\System32\RPCRT4.dll
0x00007ff988c60000 - 0x00007ff988c87000 	C:\Windows\System32\bcrypt.dll
0x00007ff9894a0000 - 0x00007ff98963d000 	C:\Windows\System32\USER32.dll
0x00007ff988c30000 - 0x00007ff988c52000 	C:\Windows\System32\win32u.dll
0x00007ff989a40000 - 0x00007ff989a6b000 	C:\Windows\System32\GDI32.dll
0x00007ff988b10000 - 0x00007ff988c29000 	C:\Windows\System32\gdi32full.dll
0x00007ff988ce0000 - 0x00007ff988d7d000 	C:\Windows\System32\msvcp_win.dll
0x00007ff987cb0000 - 0x00007ff987f4b000 	C:\Windows\WinSxS\amd64_microsoft.windows.common-controls_6595b64144ccf1df_6.0.19041.6280_none_60bc30a171f2f3f3\COMCTL32.dll
0x00007ff980b90000 - 0x00007ff980b9a000 	C:\Windows\SYSTEM32\VERSION.dll
0x00007ff9896e0000 - 0x00007ff98970f000 	C:\Windows\System32\IMM32.DLL
0x00007ff986120000 - 0x00007ff98612c000 	E:\Program Files\Java\jdk-21\bin\vcruntime140_1.dll
0x00007ff971440000 - 0x00007ff9714ce000 	E:\Program Files\Java\jdk-21\bin\msvcp140.dll
0x00007ff9507f0000 - 0x00007ff95150a000 	E:\Program Files\Java\jdk-21\bin\server\jvm.dll
0x00007ff989430000 - 0x00007ff98949b000 	C:\Windows\System32\WS2_32.dll
0x00007ff988120000 - 0x00007ff98816b000 	C:\Windows\SYSTEM32\POWRPROF.dll
0x00007ff974070000 - 0x00007ff974097000 	C:\Windows\SYSTEM32\WINMM.dll
0x00007ff987f50000 - 0x00007ff987f62000 	C:\Windows\SYSTEM32\UMPDC.dll
0x00007ff985b00000 - 0x00007ff985b12000 	C:\Windows\SYSTEM32\kernel.appcore.dll
0x00007ff986110000 - 0x00007ff98611a000 	E:\Program Files\Java\jdk-21\bin\jimage.dll
0x00007ff988170000 - 0x00007ff988371000 	C:\Windows\SYSTEM32\DBGHELP.DLL
0x00007ff988060000 - 0x00007ff988094000 	C:\Windows\SYSTEM32\dbgcore.DLL
0x00007ff988a80000 - 0x00007ff988b02000 	C:\Windows\System32\bcryptPrimitives.dll
0x00007ff986100000 - 0x00007ff98610f000 	E:\Program Files\Java\jdk-21\bin\instrument.dll
0x00007ff9860b0000 - 0x00007ff9860cf000 	E:\Program Files\Java\jdk-21\bin\java.dll
0x00007ff98ab80000 - 0x00007ff98b2f0000 	C:\Windows\System32\SHELL32.dll
0x00007ff986390000 - 0x00007ff986b35000 	C:\Windows\SYSTEM32\windows.storage.dll
0x00007ff98a4c0000 - 0x00007ff98a813000 	C:\Windows\System32\combase.dll
0x00007ff987c10000 - 0x00007ff987c3b000 	C:\Windows\SYSTEM32\Wldp.dll
0x00007ff9898c0000 - 0x00007ff98998d000 	C:\Windows\System32\OLEAUT32.dll
0x00007ff989990000 - 0x00007ff989a3d000 	C:\Windows\System32\SHCORE.dll
0x00007ff989be0000 - 0x00007ff989c3b000 	C:\Windows\System32\shlwapi.dll
0x00007ff988900000 - 0x00007ff988924000 	C:\Windows\SYSTEM32\profapi.dll
0x00007ff95f760000 - 0x00007ff95f837000 	E:\Program Files\Java\jdk-21\bin\jsvml.dll
0x00007ff986000000 - 0x00007ff986018000 	E:\Program Files\Java\jdk-21\bin\zip.dll
0x00007ff986050000 - 0x00007ff986060000 	E:\Program Files\Java\jdk-21\bin\net.dll
0x00007ff9842a0000 - 0x00007ff9843aa000 	C:\Windows\SYSTEM32\WINHTTP.dll
0x00007ff987ad0000 - 0x00007ff987b3a000 	C:\Windows\system32\mswsock.dll
0x00007ff985fb0000 - 0x00007ff985fc6000 	E:\Program Files\Java\jdk-21\bin\nio.dll
0x00007ff985ff0000 - 0x00007ff985ff9000 	E:\Program Files\Java\jdk-21\bin\extnet.dll
0x00007ff985fa0000 - 0x00007ff985fae000 	E:\Program Files\Java\jdk-21\bin\sunmscapi.dll
0x00007ff989200000 - 0x00007ff98935d000 	C:\Windows\System32\CRYPT32.dll
0x00007ff987c80000 - 0x00007ff987ca7000 	C:\Windows\SYSTEM32\ncrypt.dll
0x00007ff987c40000 - 0x00007ff987c7b000 	C:\Windows\SYSTEM32\NTASN1.dll
0x00007ff988740000 - 0x00007ff988758000 	C:\Windows\SYSTEM32\CRYPTSP.dll
0x00007ff9872f0000 - 0x00007ff987328000 	C:\Windows\system32\rsaenh.dll
0x00007ff9888c0000 - 0x00007ff9888ee000 	C:\Windows\SYSTEM32\USERENV.dll
0x00007ff987c00000 - 0x00007ff987c0c000 	C:\Windows\SYSTEM32\CRYPTBASE.dll
0x00007ff987650000 - 0x00007ff98768b000 	C:\Windows\SYSTEM32\IPHLPAPI.DLL
0x00007ff98a940000 - 0x00007ff98a948000 	C:\Windows\System32\NSI.dll
0x00007ff985bb0000 - 0x00007ff985bba000 	E:\Program Files\Java\jdk-21\bin\management.dll
0x00007ff985ba0000 - 0x00007ff985bab000 	E:\Program Files\Java\jdk-21\bin\management_ext.dll
0x00007ff98a4b0000 - 0x00007ff98a4b8000 	C:\Windows\System32\PSAPI.DLL
0x00007ff985b90000 - 0x00007ff985ba0000 	E:\Program Files\Java\jdk-21\bin\verify.dll

dbghelp: loaded successfully - version: 4.0.5 - missing functions: none
symbol engine: initialized successfully - sym options: 0x614 - pdb path: .;E:\Program Files\Java\jdk-21\bin;C:\Windows\SYSTEM32;C:\Windows\WinSxS\amd64_microsoft.windows.common-controls_6595b64144ccf1df_6.0.19041.6280_none_60bc30a171f2f3f3;E:\Program Files\Java\jdk-21\bin\server

VM Arguments:
jvm_args: -javaagent:E:\Program Files\IntelliJ IDEA Community Edition\lib\idea_rt.jar=55905 -Dfile.encoding=UTF-8 -Dsun.stdout.encoding=UTF-8 -Dsun.stderr.encoding=UTF-8 
java_command: salonce.dev.website.Application
java_class_path (initial): D:\src\main\todo-web-app\backend\todolist\target\classes;C:\Users\jakuk\.m2\repository\org\springframework\boot\spring-boot-starter-data-jpa\3.5.5\spring-boot-starter-data-jpa-3.5.5.jar;C:\Users\jakuk\.m2\repository\org\springframework\boot\spring-boot-starter\3.5.5\spring-boot-starter-3.5.5.jar;C:\Users\jakuk\.m2\repository\org\springframework\boot\spring-boot\3.5.5\spring-boot-3.5.5.jar;C:\Users\jakuk\.m2\repository\org\springframework\boot\spring-boot-autoconfigure\3.5.5\spring-boot-autoconfigure-3.5.5.jar;C:\Users\jakuk\.m2\repository\org\springframework\boot\spring-boot-starter-logging\3.5.5\spring-boot-starter-logging-3.5.5.jar;C:\Users\jakuk\.m2\repository\ch\qos\logback\logback-classic\1.5.18\logback-classic-1.5.18.jar;C:\Users\jakuk\.m2\repository\ch\qos\logback\logback-core\1.5.18\logback-core-1.5.18.jar;C:\Users\jakuk\.m2\repository\org\apache\logging\log4j\log4j-to-slf4j\2.24.3\log4j-to-slf4j-2.24.3.jar;C:\Users\jakuk\.m2\repository\org\apache\logging\log4j\log4j-api\2.24.3\log4j-api-2.24.3.jar;C:\Users\jakuk\.m2\repository\org\slf4j\jul-to-slf4j\2.0.17\jul-to-slf4j-2.0.17.jar;C:\Users\jakuk\.m2\repository\jakarta\annotation\jakarta.annotation-api\2.1.1\jakarta.annotation-api-2.1.1.jar;C:\Users\jakuk\.m2\repository\org\yaml\snakeyaml\2.4\snakeyaml-2.4.jar;C:\Users\jakuk\.m2\repository\org\springframework\boot\spring-boot-starter-jdbc\3.5.5\spring-boot-starter-jdbc-3.5.5.jar;C:\Users\jakuk\.m2\repository\com\zaxxer\HikariCP\6.3.2\HikariCP-6.3.2.jar;C:\Users\jakuk\.m2\repository\org\springframework\spring-jdbc\6.2.10\spring-jdbc-6.2.10.jar;C:\Users\jakuk\.m2\repository\org\hibernate\orm\hibernate-core\6.6.26.Final\hibernate-core-6.6.26.Final.jar;C:\Users\jakuk\.m2\repository\jakarta\persistence\jakarta.persistence-api\3.1.0\jakarta.persistence-api-3.1.0.jar;C:\Users\jakuk\.m2\repository\jakarta\transaction\jakarta.transaction-api\2.0.1\jakarta.transaction-api-2.0.1.jar;C:\Users\jakuk\.m2\repository\org\jboss\logging\jboss-logging\3.6.1.Final\jboss-logging-3.6.1.Final.jar;C:\Users\jakuk\.m2\repository\org\hibernate\common\hibernate-commons-annotations\7.0.3.Final\hibernate-commons-annotations-7.0.3.Final.jar;C:\Users\jakuk\.m2\repository\io\smallrye\jandex\3.2.0\jandex-3.2.0.jar;C:\Users\jakuk\.m2\repository\com\fasterxml\classmate\1.7.0\classmate-1.7.0.jar;C:\Users\jakuk\.m2\repository\net\bytebuddy\byte-buddy\1.17.7\byte-buddy-1.17.7.jar;C:\Users\jakuk\.m2\repository\org\glassfish\jaxb\jaxb-runtime\4.0.5\jaxb-runtime-4.0.5.jar;C:\Users\jakuk\.m2\repository\org\glassfish\jaxb\jaxb-core\4.0.5\jaxb-core-4.0.5.jar;C:\Users\jakuk\.m2\repository\org\eclipse\angus\angus-activation\2.0.2\angus-activation-2.0.2.jar;C:\Users\jakuk\.m2\repository\org\glassfish\jaxb\txw2\4.0.5\txw2-4.0.5.jar;C:\Users\jakuk\.m2\repository\com\sun\istack\istack-commons-runtime\4.1.2\istack-commons-runtime-4.1.2.jar;C:\Users\jakuk\.m2\repository\jakarta\inject\jakarta.inject-api\2.0.1\jakarta.inject-api-2.0.1.jar;C:\Users\jakuk\.m2\repository\org\antlr\antlr4-runtime\4.13.0\antlr4-runtime-4.13.0.jar;C:\Users\jakuk\.m2\repository\org\springframework\data\spring-data-jpa\3.5.3\spring-data-jpa-3.5.3.jar;C:\Users\jakuk\.m2\repository\org\springframework\data\spring-data-commons\3.5.3\spring-data-commons-3.5.3.jar;C:\Users\jakuk\.m2\repository\org\springframework\spring-orm\6.2.10\spring-orm-6.2.10.jar;C:\Users\jakuk\.m2\repository\org\springframework\spring-context\6.2.10\spring-context-6.2.10.jar;C:\Users\jakuk\.m2\repository\org\springframework\spring-tx\6.2.10\spring-tx-6.2.10.jar;C:\Users\jakuk\.m2\repository\org\springframework\spring-beans\6.2.10\spring-beans-6.2.10.jar;C:\Users\jakuk\.m2\repository\org\slf4j\slf4j-api\2.0.17\slf4j-api-2.0.17.jar;C:\Users\jakuk\.m2\repository\org\springframework\spring-aspects\6.2.10\spring-aspects-6.2.10.jar;C:\Users\jakuk\.m2\repository\org\aspectj\aspectjweaver\1.9.24\aspectjweaver-1.9.24.jar;C:\Users\jakuk\.m2\repository\com\h2database\h2\2.3.232\h2-2.3.232.jar;C:\Users\jakuk\.m2\repository\org\springframework\boot\spring-boot-starter-web\3.5.5\spring-boot-starter-web-3.5.5.jar;C:\Users\jakuk\.m2\repository\org\springframework\boot\spring-boot-starter-json\3.5.5\spring-boot-starter-json-3.5.5.jar;C:\Users\jakuk\.m2\repository\com\fasterxml\jackson\core\jackson-databind\2.19.2\jackson-databind-2.19.2.jar;C:\Users\jakuk\.m2\repository\com\fasterxml\jackson\core\jackson-annotations\2.19.2\jackson-annotations-2.19.2.jar;C:\Users\jakuk\.m2\repository\com\fasterxml\jackson\core\jackson-core\2.19.2\jackson-core-2.19.2.jar;C:\Users\jakuk\.m2\repository\com\fasterxml\jackson\datatype\jackson-datatype-jdk8\2.19.2\jackson-datatype-jdk8-2.19.2.jar;C:\Users\jakuk\.m2\repository\com\fasterxml\jackson\datatype\jackson-datatype-jsr310\2.19.2\jackson-datatype-jsr310-2.19.2.jar;C:\Users\jakuk\.m2\repository\com\fasterxml\jackson\module\jackson-module-parameter-names\2.19.2\jackson-module-parameter-names-2.19.2.jar;C:\Users\jakuk\.m2\repository\org\springframework\boot\spring-boot-starter-tomcat\3.5.5\spring-boot-starter-tomcat-3.5.5.jar;C:\Users\jakuk\.m2\repository\org\apache\tomcat\embed\tomcat-embed-core\10.1.44\tomcat-embed-core-10.1.44.jar;C:\Users\jakuk\.m2\repository\org\apache\tomcat\embed\tomcat-embed-el\10.1.44\tomcat-embed-el-10.1.44.jar;C:\Users\jakuk\.m2\repository\org\apache\tomcat\embed\tomcat-embed-websocket\10.1.44\tomcat-embed-websocket-10.1.44.jar;C:\Users\jakuk\.m2\repository\org\springframework\spring-web\6.2.10\spring-web-6.2.10.jar;C:\Users\jakuk\.m2\repository\io\micrometer\micrometer-observation\1.15.3\micrometer-observation-1.15.3.jar;C:\Users\jakuk\.m2\repository\io\micrometer\micrometer-commons\1.15.3\micrometer-commons-1.15.3.jar;C:\Users\jakuk\.m2\repository\org\springframework\spring-webmvc\6.2.10\spring-webmvc-6.2.10.jar;C:\Users\jakuk\.m2\repository\org\springframework\spring-expression\6.2.10\spring-expression-6.2.10.jar;C:\Users\jakuk\.m2\repository\org\projectlombok\lombok\1.18.38\lombok-1.18.38.jar;C:\Users\jakuk\.m2\repository\jakarta\xml\bind\jakarta.xml.bind-api\4.0.2\jakarta.xml.bind-api-4.0.2.jar;C:\Users\jakuk\.m2\repository\jakarta\activation\jakarta.activation-api\2.1.3\jakarta.activation-api-2.1.3.jar;C:\Users\jakuk\.m2\repository\net\minidev\json-smart\2.5.2\json-smart-2.5.2.jar;C:\Users\jakuk\.m2\repository\net\minidev\accessors-smart\2.5.2\accessors-smart-2.5.2.jar;C:\Users\jakuk\.m2\repository\org\ow2\asm\asm\9.7.1\asm-9.7.1.jar;C:\Users\jakuk\.m2\repository\org\springframework\spring-core\6.2.10\spring-core-6.2.10.jar;C:\Users\jakuk\.m2\repository\org\springframework\spring-jcl\6.2.10\spring-jcl-6.2.10.jar;C:\Users\jakuk\.m2\repository\org\springframework\boot\spring-boot-starter-security\3.5.5\spring-boot-starter-security-3.5.5.jar;C:\Users\jakuk\.m2\repository\org\springframework\spring-aop\6.2.10\spring-aop-6.2.10.jar;C:\Users\jakuk\.m2\repository\org\springframework\security\spring-security-config\6.5.3\spring-security-config-6.5.3.jar;C:\Users\jakuk\.m2\repository\org\springframework\security\spring-security-web\6.5.3\spring-security-web-6.5.3.jar;C:\Users\jakuk\.m2\repository\org\springframework\boot\spring-boot-starter-oauth2-client\3.5.5\spring-boot-starter-oauth2-client-3.5.5.jar;C:\Users\jakuk\.m2\repository\org\springframework\security\spring-security-core\6.5.3\spring-security-core-6.5.3.jar;C:\Users\jakuk\.m2\repository\org\springframework\security\spring-security-crypto\6.5.3\spring-security-crypto-6.5.3.jar;C:\Users\jakuk\.m2\repository\org\springframework\security\spring-security-oauth2-client\6.5.3\spring-security-oauth2-client-6.5.3.jar;C:\Users\jakuk\.m2\repository\org\springframework\security\spring-security-oauth2-core\6.5.3\spring-security-oauth2-core-6.5.3.jar;C:\Users\jakuk\.m2\repository\com\nimbusds\oauth2-oidc-sdk\9.43.6\oauth2-oidc-sdk-9.43.6.jar;C:\Users\jakuk\.m2\repository\com\github\stephenc\jcip\jcip-annotations\1.0-1\jcip-annotations-1.0-1.jar;C:\Users\jakuk\.m2\repository\com\nimbusds\content-type\2.2\content-type-2.2.jar;C:\Users\jakuk\.m2\repository\com\nimbusds\lang-tag\1.7\lang-tag-1.7.jar;C:\Users\jakuk\.m2\repository\org\springframework\security\spring-security-oauth2-jose\6.5.3\spring-security-oauth2-jose-6.5.3.jar;C:\Users\jakuk\.m2\repository\com\nimbusds\nimbus-jose-jwt\9.37.3\nimbus-jose-jwt-9.37.3.jar
Launcher Type: SUN_STANDARD

[Global flags]
     intx CICompilerCount                          = 3                                         {product} {ergonomic}
     uint ConcGCThreads                            = 1                                         {product} {ergonomic}
     uint G1ConcRefinementThreads                  = 4                                         {product} {ergonomic}
   size_t G1HeapRegionSize                         = 1048576                                   {product} {ergonomic}
    uintx GCDrainStackTargetSize                   = 64                                        {product} {ergonomic}
   size_t InitialHeapSize                          = 134217728                                 {product} {ergonomic}
   size_t MarkStackSize                            = 4194304                                   {product} {ergonomic}
   size_t MaxHeapSize                              = 2143289344                                {product} {ergonomic}
   size_t MaxNewSize                               = 1285554176                                {product} {ergonomic}
   size_t MinHeapDeltaBytes                        = 1048576                                   {product} {ergonomic}
   size_t MinHeapSize                              = 8388608                                   {product} {ergonomic}
    uintx NonNMethodCodeHeapSize                   = 5832780                                {pd product} {ergonomic}
    uintx NonProfiledCodeHeapSize                  = 122912730                              {pd product} {ergonomic}
    uintx ProfiledCodeHeapSize                     = 122912730                              {pd product} {ergonomic}
    uintx ReservedCodeCacheSize                    = 251658240                              {pd product} {ergonomic}
     bool SegmentedCodeCache                       = true                                      {product} {ergonomic}
   size_t SoftMaxHeapSize                          = 2143289344                             {manageable} {ergonomic}
     bool UseCompressedOops                        = true                           {product lp64_product} {ergonomic}
     bool UseG1GC                                  = true                                      {product} {ergonomic}
     bool UseLargePagesIndividualAllocation        = false                                  {pd product} {ergonomic}

Logging:
Log output configuration:
 #0: stdout all=warning uptime,level,tags foldmultilines=false
 #1: stderr all=off uptime,level,tags foldmultilines=false

Environment Variables:
JAVA_HOME=E:\Program Files\java\jdk-23
PATH=E:\Program Files\java\jdk-21\bin;E:\Program Files\java\jdk-17\bin;E:\Program Files\java\jdk-23\bin;E:\Program Files\Python\Python313\Scripts\;E:\Program Files\Python\Python313\;C:\Program Files\Common Files\Oracle\Java\javapath;C:\Windows\system32;C:\Windows;C:\Windows\System32\Wbem;C:\Windows\System32\WindowsPowerShell\v1.0\;C:\Windows\System32\OpenSSH\;C:\Program Files\dotnet\;C:\Program Files (x86)\NVIDIA Corporation\PhysX\Common;C:\Program Files\NVIDIA Corporation\NVIDIA NvDLISR;C:\ProgramData\chocolatey\bin;C:\Program Files\Docker\Docker\resources\bin;E:\Program Files\Git\cmd;E:\Program Files\nodejs\;E:\Program Files\java\jdk-23\bin;C:\Program Files\MySQL\MySQL Shell 8.0\bin\;C:\Users\jakuk\AppData\Local\Microsoft\WindowsApps;C:\Users\jakuk\AppData\Local\Muse Hub\lib;E:\Program Files\IntelliJ IDEA Community Edition\bin;E:\Program Files\PyCharm Community Edition 2024.3.1.1\bin;;E:\Program Files\Visual Studio Code\bin;C:\Users\jakuk\AppData\Roaming\npm
USERNAME=jakuk
OS=Windows_NT
PROCESSOR_IDENTIFIER=Intel64 Family 6 Model 42 Stepping 7, GenuineIntel
TMP=C:\Users\jakuk\AppData\Local\Temp
TEMP=C:\Users\jakuk\AppData\Local\Temp




Periodic native trim disabled

---------------  S Y S T E M  ---------------

OS:
 Windows 10 , 64 bit Build 19041 (10.0.19041.5915)
OS uptime: 0 days 3:58 hours
Hyper-V role detected

CPU: total 4 (initial active 4) (4 cores per cpu, 1 threads per core) family 6 model 42 stepping 7 microcode 0x2f, cx8, cmov, fxsr, mmx, sse, sse2, sse3, ssse3, sse4.1, sse4.2, popcnt, tsc, tscinvbit, avx, aes, clmul, vzeroupper, clflush, hv, rdtscp
Processor Information for all 4 processors :
  Max Mhz: 3101, Current Mhz: 3101, Mhz Limit: 3101

Memory: 4k page, system-wide physical 8174M (1086M free)
TotalPageFile size 17902M (AvailPageFile size 5460M)
current process WorkingSet (physical memory assigned to process): 233M, peak: 240M
current process commit charge ("private bytes"): 263M, peak: 271M

vm_info: Java HotSpot(TM) 64-Bit Server VM (21.0.7+8-LTS-245) for windows-amd64 JRE (21.0.7+8-LTS-245), built on 2025-02-21T05:11:27Z by "mach5one" with MS VC++ 17.6 (VS2022)

END.
